/*C4*/SET SCHEMA PUBLIC
INSERT INTO VACATION VALUES(30,'2017-04-28','2017-04-29',2,NULL,'pending','Personal Leave')
COMMIT
/*C3*/SET SCHEMA PUBLIC
INSERT INTO VACATION VALUES(31,'2017-05-01','2017-04-29',2,NULL,'pending','Sick Leave')
COMMIT
DELETE FROM VACATION WHERE ID=30
INSERT INTO VACATION VALUES(30,'2017-04-28','2017-04-29',2,NULL,'Approved','Personal Leave')
COMMIT
DELETE FROM VACATION WHERE ID=30
INSERT INTO VACATION VALUES(30,'2017-04-28','2017-04-29',2,NULL,'Rejected','Personal Leave')
COMMIT
DELETE FROM VACATION WHERE ID=30
INSERT INTO VACATION VALUES(30,'2017-04-28','2017-04-29',2,NULL,'Approved','Personal Leave')
COMMIT
DELETE FROM VACATION WHERE ID=31
INSERT INTO VACATION VALUES(31,'2017-05-01','2017-04-29',2,NULL,'Approved','Sick Leave')
COMMIT
DELETE FROM VACATION WHERE ID=31
INSERT INTO VACATION VALUES(31,'2017-05-01','2017-04-29',2,NULL,'Rejected','Sick Leave')
COMMIT
DELETE FROM VACATION WHERE ID=31
INSERT INTO VACATION VALUES(31,'2017-05-01','2017-04-29',2,NULL,'Approved','Sick Leave')
COMMIT
/*C2*/SET SCHEMA PUBLIC
DISCONNECT
/*C4*/DISCONNECT
